
Welcome; please input a starting station ID: 
Welcome; please input a starting station ID: 
Welcome; please input a starting station ID: 
Please input an ending station ID: 
The shortest distance between the stations is...
The shortest distance between stations 1 and 1 is...
The shortest distance between stations 1 and 1 is...
The shortest distance between stations 1 and 1 is...
The shortest distance between stations 1 and 1 is...
The shortest distance between stations 1 and 1 is...
List size 0
The shortest distance between stations 1 and 1 is...
List size 0
The shortest distance between stations 1 and 1 is...
List size 0
The shortest distance between stations 1 and 1 is...
List size 1
The shortest distance between stations 1 and 1 is...
List size 1
The shortest distance between stations 1 and 1 is...
List size 1
hi
The shortest distance between stations 1 and 1 is...
List size 1
The shortest distance between stations 1 and 1 is...
List size 1
The shortest distance between stations 1 and 1 is...
List size 1
The shortest distance between stations 1 and 1 is...
List size 1
1
The shortest distance between stations 1 and 1 is...
List size 1
1
The shortest distance between stations 1 and 1 is...
List size 2
3
The shortest distance between stations 1 and 1 is...
The shortest distance between stations 1 and 1 is...
Number of roads: 10
